Build started 2015/4/8 15:55:28.
     1>Project "D:\visual studio 2012\mblur_accum\Graphics For Games\10) Post Processing\Tutorial10.vcxproj" on node 2 (Build target(s)).
     1>ClCompile:
         D:\Program Files (x86)\Microsoft Visual Studio 12.0\VC\bin\CL.exe /c /ZI /nologo /W3 /WX- /Od /Oy- /D _MBCS /Gm /EHsc /RTC1 /MDd /GS /fp:precise /Zc:wchar_t /Zc:forScope /Fo"Debug\\" /Fd"Debug\vc120.pdb" /Gd /TP /analyze- /errorReport:prompt Renderer.cpp Tutorial10.cpp
         Tutorial10.cpp
     1>d:\visual studio 2012\mblur_accum\nclgl\keyboard.h : warning C4819: The file contains a character that cannot be represented in the current code page (936). Save the file in Unicode format to prevent data loss
         Renderer.cpp
     1>d:\visual studio 2012\mblur_accum\nclgl\keyboard.h : warning C4819: The file contains a character that cannot be represented in the current code page (936). Save the file in Unicode format to prevent data loss
     1>d:\visual studio 2012\mblur_accum\graphics for games\10) post processing\renderer.cpp(101): warning C4244: 'argument' : conversion from 'double' to 'GLfloat', possible loss of data
     1>d:\visual studio 2012\mblur_accum\graphics for games\10) post processing\renderer.cpp(105): warning C4244: 'argument' : conversion from 'double' to 'GLfloat', possible loss of data
         Generating Code...
       Link:
         D:\Program Files (x86)\Microsoft Visual Studio 12.0\VC\bin\link.exe /ERRORREPORT:PROMPT /OUT:"D:\visual studio 2012\mblur_accum\Graphics For Games\Debug\Tutorial10 - Post Processing.exe" /INCREMENTAL /NOLOGO kernel32.lib user32.lib gdi32.lib winspool.lib comdlg32.lib advapi32.lib shell32.lib ole32.lib oleaut32.lib uuid.lib odbc32.lib odbccp32.lib /MANIFEST /MANIFESTUAC:"level='asInvoker' uiAccess='false'" /manifest:embed /DEBUG /PDB:"D:\visual studio 2012\mblur_accum\Graphics For Games\Debug\Tutorial10 - Post Processing.pdb" /TLBID:1 /DYNAMICBASE /NXCOMPAT /IMPLIB:"D:\visual studio 2012\mblur_accum\Graphics For Games\Debug\Tutorial10 - Post Processing.lib" /MACHINE:X86 Debug\Renderer.obj
         Debug\Tutorial10.obj
     1>SOIL.lib(image_DXT.obj) : warning LNK4099: PDB 'vc100.pdb' was not found with 'SOIL.lib(image_DXT.obj)' or at 'D:\visual studio 2012\mblur_accum\Graphics For Games\Debug\vc100.pdb'; linking object as if no debug info
     1>SOIL.lib(image_helper.obj) : warning LNK4099: PDB 'vc100.pdb' was not found with 'SOIL.lib(image_helper.obj)' or at 'D:\visual studio 2012\mblur_accum\Graphics For Games\Debug\vc100.pdb'; linking object as if no debug info
     1>SOIL.lib(SOIL.obj) : warning LNK4099: PDB 'vc100.pdb' was not found with 'SOIL.lib(SOIL.obj)' or at 'D:\visual studio 2012\mblur_accum\Graphics For Games\Debug\vc100.pdb'; linking object as if no debug info
     1>SOIL.lib(stb_image_aug.obj) : warning LNK4099: PDB 'vc100.pdb' was not found with 'SOIL.lib(stb_image_aug.obj)' or at 'D:\visual studio 2012\mblur_accum\Graphics For Games\Debug\vc100.pdb'; linking object as if no debug info
         Tutorial10.vcxproj -> D:\visual studio 2012\mblur_accum\Graphics For Games\Debug\Tutorial10 - Post Processing.exe
     1>Done Building Project "D:\visual studio 2012\mblur_accum\Graphics For Games\10) Post Processing\Tutorial10.vcxproj" (Build target(s)).

Build succeeded.

Time Elapsed 00:00:02.10
