Build started 2015/4/8 15:55:18.
     1>Project "D:\visual studio 2012\mblur_accum\nclgl\nclgl.vcxproj" on node 2 (Build target(s)).
     1>ClCompile:
         D:\Program Files (x86)\Microsoft Visual Studio 12.0\VC\bin\CL.exe /c /ZI /nologo /W3 /WX- /Od /Oy- /D _DEBUG /D _MBCS /Gm /EHsc /RTC1 /MDd /GS /fp:precise /Zc:wchar_t /Zc:forScope /Fo"Debug\\" /Fd"Debug\vc120.pdb" /Gd /TP /analyze- /errorReport:prompt Camera.cpp CubeRobot.cpp Frustum.cpp GameTimer.cpp HeightMap.cpp Keyboard.cpp Matrix4.cpp MD5Anim.cpp MD5FileData.cpp MD5Mesh.cpp MD5Node.cpp Mesh.cpp Mouse.cpp OBJMesh.cpp OGLRenderer.cpp Plane.cpp Quaternion.cpp SceneNode.cpp Shader.cpp Window.cpp
         Window.cpp
     1>d:\visual studio 2012\mblur_accum\nclgl\keyboard.h : warning C4819: The file contains a character that cannot be represented in the current code page (936). Save the file in Unicode format to prevent data loss
         Shader.cpp
     1>d:\visual studio 2012\mblur_accum\nclgl\keyboard.h : warning C4819: The file contains a character that cannot be represented in the current code page (936). Save the file in Unicode format to prevent data loss
         SceneNode.cpp
     1>d:\visual studio 2012\mblur_accum\nclgl\keyboard.h : warning C4819: The file contains a character that cannot be represented in the current code page (936). Save the file in Unicode format to prevent data loss
         Quaternion.cpp
         Plane.cpp
         OGLRenderer.cpp
     1>d:\visual studio 2012\mblur_accum\nclgl\keyboard.h : warning C4819: The file contains a character that cannot be represented in the current code page (936). Save the file in Unicode format to prevent data loss
         OBJMesh.cpp
     1>d:\visual studio 2012\mblur_accum\nclgl\keyboard.h : warning C4819: The file contains a character that cannot be represented in the current code page (936). Save the file in Unicode format to prevent data loss
         Mouse.cpp
         Mesh.cpp
     1>d:\visual studio 2012\mblur_accum\nclgl\keyboard.h : warning C4819: The file contains a character that cannot be represented in the current code page (936). Save the file in Unicode format to prevent data loss
         MD5Node.cpp
     1>d:\visual studio 2012\mblur_accum\nclgl\keyboard.h : warning C4819: The file contains a character that cannot be represented in the current code page (936). Save the file in Unicode format to prevent data loss
         MD5Mesh.cpp
     1>d:\visual studio 2012\mblur_accum\nclgl\keyboard.h : warning C4819: The file contains a character that cannot be represented in the current code page (936). Save the file in Unicode format to prevent data loss
         MD5FileData.cpp
     1>d:\visual studio 2012\mblur_accum\nclgl\keyboard.h : warning C4819: The file contains a character that cannot be represented in the current code page (936). Save the file in Unicode format to prevent data loss
         MD5Anim.cpp
     1>d:\visual studio 2012\mblur_accum\nclgl\keyboard.h : warning C4819: The file contains a character that cannot be represented in the current code page (936). Save the file in Unicode format to prevent data loss
         Matrix4.cpp
         Keyboard.cpp
     1>d:\visual studio 2012\mblur_accum\nclgl\keyboard.h : warning C4819: The file contains a character that cannot be represented in the current code page (936). Save the file in Unicode format to prevent data loss
         HeightMap.cpp
     1>d:\visual studio 2012\mblur_accum\nclgl\keyboard.h : warning C4819: The file contains a character that cannot be represented in the current code page (936). Save the file in Unicode format to prevent data loss
         GameTimer.cpp
         Frustum.cpp
     1>d:\visual studio 2012\mblur_accum\nclgl\keyboard.h : warning C4819: The file contains a character that cannot be represented in the current code page (936). Save the file in Unicode format to prevent data loss
         CubeRobot.cpp
     1>d:\visual studio 2012\mblur_accum\nclgl\keyboard.h : warning C4819: The file contains a character that cannot be represented in the current code page (936). Save the file in Unicode format to prevent data loss
         Camera.cpp
     1>d:\visual studio 2012\mblur_accum\nclgl\keyboard.h : warning C4819: The file contains a character that cannot be represented in the current code page (936). Save the file in Unicode format to prevent data loss
         Generating Code...
       Lib:
         D:\Program Files (x86)\Microsoft Visual Studio 12.0\VC\bin\Lib.exe /OUT:"D:\visual studio 2012\mblur_accum\Graphics For Games\Debug\nclgl.lib" /NOLOGO Debug\Camera.obj
         Debug\CubeRobot.obj
         Debug\Frustum.obj
         Debug\GameTimer.obj
         Debug\HeightMap.obj
         Debug\Keyboard.obj
         Debug\Matrix4.obj
         Debug\MD5Anim.obj
         Debug\MD5FileData.obj
         Debug\MD5Mesh.obj
         Debug\MD5Node.obj
         Debug\Mesh.obj
         Debug\Mouse.obj
         Debug\OBJMesh.obj
         Debug\OGLRenderer.obj
         Debug\Plane.obj
         Debug\Quaternion.obj
         Debug\SceneNode.obj
         Debug\Shader.obj
         Debug\Window.obj
         nclgl.vcxproj -> D:\visual studio 2012\mblur_accum\Graphics For Games\Debug\nclgl.lib
     1>Done Building Project "D:\visual studio 2012\mblur_accum\nclgl\nclgl.vcxproj" (Build target(s)).

Build succeeded.

Time Elapsed 00:00:10.10
